frame=4
fps=0.00
stream_0_0_q=0.0
bitrate=N/A
total_size=48
out_time_us=0
out_time_ms=0
out_time=00:00:00.000000
dup_frames=0
drop_frames=0
speed=   0x
progress=continue
frame=19
fps=18.84
stream_0_0_q=0.0
bitrate=N/A
total_size=48
out_time_us=0
out_time_ms=0
out_time=00:00:00.000000
dup_frames=0
drop_frames=0
speed=   0x
progress=continue
frame=34
fps=22.41
stream_0_0_q=0.0
bitrate=N/A
total_size=48
out_time_us=0
out_time_ms=0
out_time=00:00:00.000000
dup_frames=0
drop_frames=0
speed=   0x
progress=continue
frame=48
fps=22.31
stream_0_0_q=0.0
bitrate=N/A
total_size=48
out_time_us=0
out_time_ms=0
out_time=00:00:00.000000
dup_frames=0
drop_frames=0
speed=   0x
progress=continue
frame=68
fps=25.55
stream_0_0_q=29.0
bitrate=   1.3kbits/s
total_size=48
out_time_us=300065
out_time_ms=300065
out_time=00:00:00.300065
dup_frames=0
drop_frames=0
speed=0.113x
progress=continue
frame=84
fps=26.53
stream_0_0_q=29.0
bitrate=   0.5kbits/s
total_size=48
out_time_us=833398
out_time_ms=833398
out_time=00:00:00.833398
dup_frames=0
drop_frames=0
speed=0.263x
progress=continue
frame=99
fps=26.97
stream_0_0_q=29.0
bitrate=   0.3kbits/s
total_size=48
out_time_us=1333398
out_time_ms=1333398
out_time=00:00:01.333398
dup_frames=0
drop_frames=0
speed=0.363x
progress=continue
frame=110
fps=26.29
stream_0_0_q=29.0
bitrate=   0.2kbits/s
total_size=48
out_time_us=1700065
out_time_ms=1700065
out_time=00:00:01.700065
dup_frames=0
drop_frames=0
speed=0.406x
progress=continue
frame=129
fps=27.49
stream_0_0_q=29.0
bitrate=   0.2kbits/s
total_size=48
out_time_us=2333398
out_time_ms=2333398
out_time=00:00:02.333398
dup_frames=0
drop_frames=0
speed=0.497x
progress=continue
frame=144
fps=27.70
stream_0_0_q=29.0
bitrate=   0.1kbits/s
total_size=48
out_time_us=2833398
out_time_ms=2833398
out_time=00:00:02.833398
dup_frames=0
drop_frames=0
speed=0.545x
progress=continue
frame=160
fps=28.05
stream_0_0_q=29.0
bitrate=   0.1kbits/s
total_size=48
out_time_us=3366732
out_time_ms=3366732
out_time=00:00:03.366732
dup_frames=0
drop_frames=0
speed=0.59x
progress=continue
frame=168
fps=26.74
stream_0_0_q=29.0
bitrate=   0.1kbits/s
total_size=48
out_time_us=3633398
out_time_ms=3633398
out_time=00:00:03.633398
dup_frames=0
drop_frames=0
speed=0.578x
progress=continue
frame=192
fps=28.29
stream_0_0_q=29.0
bitrate=   0.1kbits/s
total_size=48
out_time_us=4433398
out_time_ms=4433398
out_time=00:00:04.433398
dup_frames=0
drop_frames=0
speed=0.653x
progress=continue
frame=207
fps=28.38
stream_0_0_q=29.0
bitrate= 425.2kbits/s
total_size=262192
out_time_us=4933398
out_time_ms=4933398
out_time=00:00:04.933398
dup_frames=0
drop_frames=0
speed=0.676x
progress=continue
frame=222
fps=28.47
stream_0_0_q=29.0
bitrate= 386.0kbits/s
total_size=262192
out_time_us=5433398
out_time_ms=5433398
out_time=00:00:05.433398
dup_frames=0
drop_frames=0
speed=0.697x
progress=continue
frame=233
fps=27.99
stream_0_0_q=29.0
bitrate= 361.6kbits/s
total_size=262192
out_time_us=5800065
out_time_ms=5800065
out_time=00:00:05.800065
dup_frames=0
drop_frames=0
speed=0.697x
progress=continue
frame=253
fps=28.65
stream_0_0_q=29.0
bitrate= 648.7kbits/s
total_size=524336
out_time_us=6466732
out_time_ms=6466732
out_time=00:00:06.466732
dup_frames=0
drop_frames=0
speed=0.732x
progress=continue
frame=269
fps=28.80
stream_0_0_q=29.0
bitrate= 599.2kbits/s
total_size=524336
out_time_us=7000065
out_time_ms=7000065
out_time=00:00:07.000065
dup_frames=0
drop_frames=0
speed=0.75x
progress=continue
frame=284
fps=28.84
stream_0_0_q=29.0
bitrate= 838.9kbits/s
total_size=786480
out_time_us=7500065
out_time_ms=7500065
out_time=00:00:07.500065
dup_frames=0
drop_frames=0
speed=0.762x
progress=continue
frame=289
fps=27.86
stream_0_0_q=29.0
bitrate=1094.2kbits/s
total_size=1048624
out_time_us=7666732
out_time_ms=7666732
out_time=00:00:07.666732
dup_frames=0
drop_frames=0
speed=0.739x
progress=continue
frame=315
fps=28.94
stream_0_0_q=29.0
bitrate=1474.6kbits/s
total_size=1572912
out_time_us=8533398
out_time_ms=8533398
out_time=00:00:08.533398
dup_frames=0
drop_frames=0
speed=0.784x
progress=continue
frame=330
fps=28.97
stream_0_0_q=29.0
bitrate=1625.1kbits/s
total_size=1835056
out_time_us=9033398
out_time_ms=9033398
out_time=00:00:09.033398
dup_frames=0
drop_frames=0
speed=0.793x
progress=continue
frame=345
fps=29.00
stream_0_0_q=29.0
bitrate=1759.9kbits/s
total_size=2097200
out_time_us=9533398
out_time_ms=9533398
out_time=00:00:09.533398
dup_frames=0
drop_frames=0
speed=0.801x
progress=continue
frame=349
fps=28.15
stream_0_0_q=29.0
bitrate=1735.6kbits/s
total_size=2097200
out_time_us=9666732
out_time_ms=9666732
out_time=00:00:09.666732
dup_frames=0
drop_frames=0
speed=0.78x
progress=continue
frame=376
fps=29.13
stream_0_0_q=29.0
bitrate=1984.7kbits/s
total_size=2621488
out_time_us=10566732
out_time_ms=10566732
out_time=00:00:10.566732
dup_frames=0
drop_frames=0
speed=0.819x
progress=continue
frame=391
fps=29.15
stream_0_0_q=29.0
bitrate=2084.5kbits/s
total_size=2883632
out_time_us=11066732
out_time_ms=11066732
out_time=00:00:11.066732
dup_frames=0
drop_frames=0
speed=0.825x
progress=continue
frame=406
fps=29.16
stream_0_0_q=29.0
bitrate=2175.7kbits/s
total_size=3145776
out_time_us=11566732
out_time_ms=11566732
out_time=00:00:11.566732
dup_frames=0
drop_frames=0
speed=0.831x
progress=continue
frame=413
fps=28.59
stream_0_0_q=29.0
bitrate=2310.4kbits/s
total_size=3407920
out_time_us=11800065
out_time_ms=11800065
out_time=00:00:11.800065
dup_frames=0
drop_frames=0
speed=0.817x
progress=continue
frame=436
fps=29.15
stream_0_0_q=29.0
bitrate=2503.2kbits/s
total_size=3932208
out_time_us=12566732
out_time_ms=12566732
out_time=00:00:12.566732
dup_frames=0
drop_frames=0
speed=0.84x
progress=continue
frame=452
fps=29.23
stream_0_0_q=29.0
bitrate=2721.5kbits/s
total_size=4456496
out_time_us=13100065
out_time_ms=13100065
out_time=00:00:13.100065
dup_frames=0
drop_frames=0
speed=0.847x
progress=continue
frame=468
fps=28.66
stream_0_0_q=29.0
bitrate=2922.7kbits/s
total_size=4980784
out_time_us=13633398
out_time_ms=13633398
out_time=00:00:13.633398
dup_frames=0
drop_frames=0
speed=0.835x
progress=continue
frame=493
fps=29.29
stream_0_0_q=29.0
bitrate=3044.3kbits/s
total_size=5505072
out_time_us=14466732
out_time_ms=14466732
out_time=00:00:14.466732
dup_frames=0
drop_frames=0
speed=0.86x
progress=continue
frame=509
fps=29.36
stream_0_0_q=29.0
bitrate=3075.8kbits/s
total_size=5767216
out_time_us=15000065
out_time_ms=15000065
out_time=00:00:15.000065
dup_frames=0
drop_frames=0
speed=0.865x
progress=continue
frame=524
fps=29.37
stream_0_0_q=29.0
bitrate=3111.9kbits/s
total_size=6029360
out_time_us=15500065
out_time_ms=15500065
out_time=00:00:15.500065
dup_frames=0
drop_frames=0
speed=0.869x
progress=continue
frame=528
fps=28.68
stream_0_0_q=29.0
bitrate=3085.4kbits/s
total_size=6029360
out_time_us=15633398
out_time_ms=15633398
out_time=00:00:15.633398
dup_frames=0
drop_frames=0
speed=0.849x
progress=continue
frame=552
fps=29.18
stream_0_0_q=29.0
bitrate=3190.4kbits/s
total_size=6553648
out_time_us=16433398
out_time_ms=16433398
out_time=00:00:16.433398
dup_frames=0
drop_frames=0
speed=0.869x
progress=continue
frame=571
fps=29.40
stream_0_0_q=29.0
bitrate=3317.8kbits/s
total_size=7077936
out_time_us=17066732
out_time_ms=17066732
out_time=00:00:17.066732
dup_frames=0
drop_frames=0
speed=0.879x
progress=continue
frame=586
fps=29.41
stream_0_0_q=29.0
bitrate=3223.3kbits/s
total_size=7077936
out_time_us=17566732
out_time_ms=17566732
out_time=00:00:17.566732
dup_frames=0
drop_frames=0
speed=0.882x
progress=continue
frame=591
fps=28.93
stream_0_0_q=29.0
bitrate=3311.3kbits/s
total_size=7340080
out_time_us=17733398
out_time_ms=17733398
out_time=00:00:17.733398
dup_frames=0
drop_frames=0
speed=0.868x
progress=continue
frame=616
fps=29.37
stream_0_0_q=29.0
bitrate=3275.6kbits/s
total_size=7602224
out_time_us=18566732
out_time_ms=18566732
out_time=00:00:18.566732
dup_frames=0
drop_frames=0
speed=0.885x
progress=continue
frame=633
fps=29.47
stream_0_0_q=29.0
bitrate=3288.2kbits/s
total_size=7864368
out_time_us=19133398
out_time_ms=19133398
out_time=00:00:19.133398
dup_frames=0
drop_frames=0
speed=0.891x
progress=continue
frame=648
fps=29.02
stream_0_0_q=29.0
bitrate=3311.3kbits/s
total_size=8126512
out_time_us=19633398
out_time_ms=19633398
out_time=00:00:19.633398
dup_frames=0
drop_frames=0
speed=0.879x
progress=continue
frame=674
fps=29.52
stream_0_0_q=29.0
bitrate=3375.9kbits/s
total_size=8650800
out_time_us=20500065
out_time_ms=20500065
out_time=00:00:20.500065
dup_frames=0
drop_frames=0
speed=0.898x
progress=continue
frame=689
fps=29.52
stream_0_0_q=29.0
bitrate=3295.5kbits/s
total_size=8650800
out_time_us=21000065
out_time_ms=21000065
out_time=00:00:21.000065
dup_frames=0
drop_frames=0
speed= 0.9x
progress=continue
frame=704
fps=29.53
stream_0_0_q=29.0
bitrate=3218.9kbits/s
total_size=8650800
out_time_us=21500065
out_time_ms=21500065
out_time=00:00:21.500065
dup_frames=0
drop_frames=0
speed=0.902x
progress=continue
frame=708
fps=29.08
stream_0_0_q=29.0
bitrate=3199.1kbits/s
total_size=8650800
out_time_us=21633398
out_time_ms=21633398
out_time=00:00:21.633398
dup_frames=0
drop_frames=0
speed=0.889x
progress=continue
frame=734
fps=29.54
stream_0_0_q=29.0
bitrate=3169.0kbits/s
total_size=8912944
out_time_us=22500065
out_time_ms=22500065
out_time=00:00:22.500065
dup_frames=0
drop_frames=0
speed=0.906x
progress=continue
frame=749
fps=29.55
stream_0_0_q=29.0
bitrate=3100.1kbits/s
total_size=8912944
out_time_us=23000065
out_time_ms=23000065
out_time=00:00:23.000065
dup_frames=0
drop_frames=0
speed=0.907x
progress=continue
frame=764
fps=29.55
stream_0_0_q=29.0
bitrate=3123.4kbits/s
total_size=9175088
out_time_us=23500065
out_time_ms=23500065
out_time=00:00:23.500065
dup_frames=0
drop_frames=0
speed=0.909x
progress=continue
frame=769
fps=29.17
stream_0_0_q=29.0
bitrate=3101.4kbits/s
total_size=9175088
out_time_us=23666732
out_time_ms=23666732
out_time=00:00:23.666732
dup_frames=0
drop_frames=0
speed=0.898x
progress=continue
frame=794
fps=29.56
stream_0_0_q=29.0
bitrate=2995.9kbits/s
total_size=9175088
out_time_us=24500065
out_time_ms=24500065
out_time=00:00:24.500065
dup_frames=0
drop_frames=0
speed=0.912x
progress=continue
frame=800
fps=29.18
stream_0_0_q=-1.0
bitrate=2925.6kbits/s
total_size=9715569
out_time_us=26566732
out_time_ms=26566732
out_time=00:00:26.566732
dup_frames=0
drop_frames=0
speed=0.969x
progress=end
